This is LuaHBTeX, Version 1.21.0 (TeX Live 2025)  (format=lualatex 2025.9.19)  11 APR 2026 21:35
 restricted system commands enabled.
**/Users/manfred/Documents/CPP/projects/report_export/report.tex
(/Users/manfred/Documents/CPP/projects/report_export/report.tex
LaTeX2e <2024-11-01> patch level 2
L3 programming layer <2025-01-18>
Lua module: luaotfload 2024-12-03 v3.29 Lua based OpenType font support
Lua module: lualibs 2023-07-13 v2.76 ConTeXt Lua standard libraries.
Lua module: lualibs-extended 2023-07-13 v2.76 ConTeXt Lua libraries -- extended 
collection.
luaotfload | conf : Root cache directory is "/Users/manfred/Library/texlive/2025
/texmf-var/luatex-cache/generic/names".
luaotfload | init : Loading fontloader "fontloader-2023-12-28.lua" from kpse-res
olved path "/usr/local/texlive/2025/texmf-dist/tex/luatex/luaotfload/fontloader-
2023-12-28.lua".
Lua-only attribute luaotfload@noligature = 1
luaotfload | init : Context OpenType loader version 3.134
Inserting `luaotfload.node_processor' in `pre_linebreak_filter'.
Inserting `luaotfload.node_processor' in `hpack_filter'.
Inserting `luaotfload.glyph_stream' in `glyph_stream_provider'.
Inserting `luaotfload.define_font' in `define_font'.
Lua-only attribute luaotfload_color_attribute = 2
luaotfload | conf : Root cache directory is "/Users/manfred/Library/texlive/2025
/texmf-var/luatex-cache/generic/names".
Inserting `luaotfload.harf.strip_prefix' in `find_opentype_file'.
Inserting `luaotfload.harf.strip_prefix' in `find_truetype_file'.
Removing  `luaotfload.glyph_stream' from `glyph_stream_provider'.
Inserting `luaotfload.harf.glyphstream' in `glyph_stream_provider'.
Inserting `luaotfload.harf.finalize_vlist' in `post_linebreak_filter'.
Inserting `luaotfload.harf.finalize_hlist' in `hpack_filter'.
Inserting `luaotfload.cleanup_files' in `wrapup_run'.
Inserting `luaotfload.harf.finalize_unicode' in `finish_pdffile'.
Inserting `luaotfload.glyphinfo' in `glyph_info'.
Lua-only attribute luaotfload.letterspace_done = 3
Inserting `luaotfload.aux.set_sscale_dimens' in `luaotfload.patch_font'.
Inserting `luaotfload.aux.set_font_index' in `luaotfload.patch_font'.
Inserting `luaotfload.aux.patch_cambria_domh' in `luaotfload.patch_font'.
Inserting `luaotfload.aux.fixup_fontdata' in `luaotfload.patch_font_unsafe'.
Inserting `luaotfload.aux.set_capheight' in `luaotfload.patch_font'.
Inserting `luaotfload.aux.set_xheight' in `luaotfload.patch_font'.
Inserting `luaotfload.rewrite_fontname' in `luaotfload.patch_font'.
Inserting `tracingstacklevels' in `input_level_string'. (/usr/local/texlive/202
5/texmf-dist/tex/latex/ctex/ctexart.cls
(/usr/local/texlive/2025/texmf-dist/tex/latex/ctex/config/ctexbackend.cfg
File: ctexbackend.cfg 2022/07/14 v2.5.10 Backend configuration file (CTEX)
)
(/usr/local/texlive/2025/texmf-dist/tex/latex/l3kernel/expl3.sty
Package: expl3 2025-01-18 L3 programming layer (loader) 

(/usr/local/texlive/2025/texmf-dist/tex/latex/l3backend/l3backend-luatex.def
File: l3backend-luatex.def 2024-05-08 L3 backend support: PDF output (LuaTeX)
\l__color_backend_stack_int=\count194
Inserting `l3color' in `luaotfload.parse_color'.
\l__pdf_internal_box=\box52
))
Document Class: ctexart 2022/07/14 v2.5.10 Chinese adapter for class article (C
TEX)
(/usr/local/texlive/2025/texmf-dist/tex/latex/ctex/ctexhook.sty
Package: ctexhook 2022/07/14 v2.5.10 Document and package hooks (CTEX)
\c__ctex_package_cctab=\catcodetable14
)
(/usr/local/texlive/2025/texmf-dist/tex/latex/ctex/ctexpatch.sty
Package: ctexpatch 2022/07/14 v2.5.10 Patching commands (CTEX)
)
(/usr/local/texlive/2025/texmf-dist/tex/latex/base/fix-cm.sty
Package: fix-cm 2020/11/24 v1.1t fixes to LaTeX

(/usr/local/texlive/2025/texmf-dist/tex/latex/base/ts1enc.def
File: ts1enc.def 2001/06/05 v3.0e (jk/car/fm) Standard LaTeX file
LaTeX Font Info:    Redeclaring font encoding TS1 on input line 47.
))
\l__ctex_tmp_int=\count195
\l__ctex_tmp_box=\box53
\l__ctex_tmp_dim=\dimen140
\g__ctex_section_depth_int=\count196
\g__ctex_font_size_int=\count197
\g__cctab_next_cctab=\catcodetable15

(/usr/local/texlive/2025/texmf-dist/tex/latex/ctex/config/ctexopts.cfg
File: ctexopts.cfg 2022/07/14 v2.5.10 Option configuration file (CTEX)
)
(/usr/local/texlive/2025/texmf-dist/tex/latex/base/article.cls
Document Class: article 2024/06/29 v1.4n Standard LaTeX document class
(/usr/local/texlive/2025/texmf-dist/tex/latex/base/size12.clo
File: size12.clo 2024/06/29 v1.4n Standard LaTeX file (size option)
luaotfload | db : Font names database loaded from /Users/manfred/Library/texlive
/2025/texmf-var/luatex-cache/generic/names/luaotfload-names.luc.gz)
\c@part=\count198
\c@section=\count199
\c@subsection=\count266
\c@subsubsection=\count267
\c@paragraph=\count268
\c@subparagraph=\count269
\c@figure=\count270
\c@table=\count271
\abovecaptionskip=\skip49
\belowcaptionskip=\skip50
\bibindent=\dimen141
)
(/usr/local/texlive/2025/texmf-dist/tex/latex/ctex/engine/ctex-engine-luatex.de
f
File: ctex-engine-luatex.def 2022/07/14 v2.5.10 LuaLaTeX adapter (CTEX)
 (/usr/local/texlive/2025/texmf-dist/tex/luatex/luatexja/luatexja.sty
Package: luatexja 2025-02-08 Japanese Typesetting with Lua(La)TeX

(/usr/local/texlive/2025/texmf-dist/tex/luatex/luatexja/luatexja-core.sty
Package: luatexja-core 2023-10-07 Core of LuaTeX-ja

(/usr/local/texlive/2025/texmf-dist/tex/generic/infwarerr/infwarerr.sty
Package: infwarerr 2019/12/03 v1.5 Providing info/warning/error messages (HO)
)
(/usr/local/texlive/2025/texmf-dist/tex/luatex/luatexbase/luatexbase.sty
Package: luatexbase 2015/10/04 v1.3 luatexbase interface to LuaTeX 

(/usr/local/texlive/2025/texmf-dist/tex/luatex/ctablestack/ctablestack.sty
Package: ctablestack 2015/10/01 v1.0 Catcode table stable support
\@catcodetablestackcnt=\count272
)
\CatcodeTableOther=\catcodetable16
\CatcodeTableExpl=\catcodetable17
)
(/usr/local/texlive/2025/texmf-dist/tex/generic/ltxcmds/ltxcmds.sty
Package: ltxcmds 2023-12-04 v1.26 LaTeX kernel commands for general use (HO)
)
(/usr/local/texlive/2025/texmf-dist/tex/generic/pdftexcmds/pdftexcmds.sty
Package: pdftexcmds 2020-06-27 v0.33 Utility functions of pdfTeX for LuaTeX (HO
)

(/usr/local/texlive/2025/texmf-dist/tex/generic/iftex/iftex.sty
Package: iftex 2024/12/12 v1.0g TeX engine tests
)
Package pdftexcmds Info: \pdf@primitive is available.
Package pdftexcmds Info: \pdf@ifprimitive is available.
Package pdftexcmds Info: \pdfdraftmode found.
\pdftexcmds@toks=\toks17
)
(/usr/local/texlive/2025/texmf-dist/tex/latex/xkeyval/xkeyval.sty
Package: xkeyval 2022/06/16 v2.9 package option processing (HA)

(/usr/local/texlive/2025/texmf-dist/tex/generic/xkeyval/xkeyval.tex
(/usr/local/texlive/2025/texmf-dist/tex/generic/xkeyval/xkvutils.tex
\XKV@toks=\toks18
\XKV@tempa@toks=\toks19

(/usr/local/texlive/2025/texmf-dist/tex/generic/xkeyval/keyval.tex))
\XKV@depth=\count273
File: xkeyval.tex 2014/12/03 v2.7a key=value parser (HA)
))
(/usr/local/texlive/2025/texmf-dist/tex/latex/etoolbox/etoolbox.sty
Package: etoolbox 2025/02/11 v2.5l e-TeX tools for LaTeX (JAW)
\etb@tempcnta=\count274
)
(/usr/local/texlive/2025/texmf-dist/tex/latex/everyhook/everyhook.sty
(/usr/local/texlive/2025/texmf-dist/tex/latex/svn-prov/svn-prov.sty
Package: svn-prov 2010/04/24 v3.1862 Package Date/Version from SVN Keywords
)
Package: everyhook 2014/11/26 v1.2 (SVN Rev: 12)\ Hooks for low level TeX every
X primitives.
\everypar=\toks20
\frozen@everymath=\toks21
\frozen@everydisplay=\toks22
\everyhbox=\toks23
\everyvbox=\toks24
\everycr=\toks25
)
\ltjlineendcomment=\count275
\ltj@dimen@zw=\dimen142
\ltj@dimen@zh=\dimen143
\ltj@dimen@jQ=\dimen144
\ltj@icflag=\attribute4
\ltj@curjfnt=\attribute5
\ltj@curtfnt=\attribute6
\ltj@charclass=\attribute7
\ltj@charcode=\attribute8
\ltj@autospc=\attribute9
\ltj@autoxspc=\attribute10
\ltj@yablshift=\attribute11
\ltj@ykblshift=\attribute12
\ltj@tablshift=\attribute13
\ltj@tkblshift=\attribute14
\jfam=\attribute15
\ltj@vert@ori=\attribute16
\ltj@dir=\attribute17
\ltj@@japanese=\language2
\ltj@tempcnta=\count276
\ltj@tempdima=\dimen145
\ltj@@stack=\count277
\ltj@@group@level=\count278
\ltj@kcat0=\attribute18
\ltj@kcat1=\attribute19
\ltj@kcat2=\attribute20
\ltj@kcat3=\attribute21
\ltj@kcat4=\attribute22
\ltj@kcat5=\attribute23
\ltj@kcat6=\attribute24
Custom whatsit inhibitglue = 1
Custom whatsit stack_marker = 2
Custom whatsit begin_par = 3
Custom whatsit direction = 4
Custom whatsit box_boundary = 5
Custom whatsit ja_al_boundary = 6(load cache: ltj-cid-auto-adobe-japan1.luc)
Lua module: luatexja.charrange 2022-08-19 Handling the range of Japanese charact
ers
Lua module: luatexja.stack 2022-08-20 LuaTeX-ja stack system
Inserting `ltj.create_dir_whatsit' in `hpack_filter'.
Inserting `ltj.create_dir_whatsit' in `post_linebreak_filter'.
Inserting `ltj.direction' in `vpack_filter'.
Inserting `ltj.direction' in `pre_output_filter'.
Inserting `ltj.lineskip' in `post_linebreak_filter'.
Inserting `ltj.lineskip' in `append_to_vlist_filter'.
Lua module: luatexja.jfont 2024-07-25 Loader for Japanese fonts
Removing  `luaotfload.define_font' from `define_font'.
Inserting `luatexja.font_callback' in `define_font'.
Removing  `luaotfload.aux.set_sscale_dimens' from `luaotfload.patch_font'.
Removing  `luaotfload.aux.set_font_index' from `luaotfload.patch_font'.
Removing  `luaotfload.aux.patch_cambria_domh' from `luaotfload.patch_font'.
Removing  `luaotfload.aux.set_capheight' from `luaotfload.patch_font'.
Removing  `luaotfload.aux.set_xheight' from `luaotfload.patch_font'.
Removing  `luaotfload.rewrite_fontname' from `luaotfload.patch_font'.
Inserting `ltj.prepare_extra_data' in `luaotfload.patch_font'.
Inserting `luaotfload.aux.set_sscale_dimens' in `luaotfload.patch_font'.
Inserting `luaotfload.aux.set_font_index' in `luaotfload.patch_font'.
Inserting `luaotfload.aux.patch_cambria_domh' in `luaotfload.patch_font'.
Inserting `luaotfload.aux.set_capheight' in `luaotfload.patch_font'.
Inserting `luaotfload.aux.set_xheight' in `luaotfload.patch_font'.
Inserting `luaotfload.rewrite_fontname' in `luaotfload.patch_font'.
Inserting `ltj.prepare_extra_data' in `luatexja.define_font'.(load cache: extra_
lmroman12-regular.luc)
Inserting `ltj.get_vert_form' in `luatexja.define_jfont'.
Removing  `ltj.prepare_extra_data' from `luaotfload.patch_font'.
Removing  `luaotfload.aux.set_sscale_dimens' from `luaotfload.patch_font'.
Removing  `luaotfload.aux.set_font_index' from `luaotfload.patch_font'.
Removing  `luaotfload.aux.patch_cambria_domh' from `luaotfload.patch_font'.
Removing  `luaotfload.aux.set_capheight' from `luaotfload.patch_font'.
Removing  `luaotfload.aux.set_xheight' from `luaotfload.patch_font'.
Removing  `luaotfload.rewrite_fontname' from `luaotfload.patch_font'.
Inserting `ltj.supply_tounicode' in `luaotfload.patch_font'.
Inserting `ltj.prepare_extra_data' in `luaotfload.patch_font'.
Inserting `luaotfload.aux.set_sscale_dimens' in `luaotfload.patch_font'.
Inserting `luaotfload.aux.set_font_index' in `luaotfload.patch_font'.
Inserting `luaotfload.aux.patch_cambria_domh' in `luaotfload.patch_font'.
Inserting `luaotfload.aux.set_capheight' in `luaotfload.patch_font'.
Inserting `luaotfload.aux.set_xheight' in `luaotfload.patch_font'.
Inserting `luaotfload.rewrite_fontname' in `luaotfload.patch_font'.
Inserting `ltj.process_input_buffer' in `process_input_buffer'.
Inserting `ltj.hyphenate' in `hyphenate'.
Removing  `luaotfload.node_processor' from `hpack_filter'.
Removing  `luaotfload.harf.finalize_hlist' from `hpack_filter'.
Removing  `ltj.create_dir_whatsit' from `hpack_filter'.
Inserting `ltj.set_stack_level' in `hpack_filter'.
Inserting `luaotfload.node_processor' in `hpack_filter'.
Inserting `luaotfload.harf.finalize_hlist' in `hpack_filter'.
Inserting `ltj.create_dir_whatsit' in `hpack_filter'.
Removing  `luaotfload.node_processor' from `pre_linebreak_filter'.
Inserting `ltj.set_stack_level' in `pre_linebreak_filter'.
Inserting `luaotfload.node_processor' in `pre_linebreak_filter'.
Lua module: luatexja.jfmglue 2024-10-12 Insertion process of JFM glues, [x]kanji
skip and others
Inserting `luatexja.beginpar.np_info' in `luatexja.jfmglue.whatsit_getinfo'.
Inserting `luatexja.beginpar.np_info_after' in `luatexja.jfmglue.whatsit_after'.
Inserting `ltj.mlist_to_hlist_pre' in `pre_mlist_to_hlist_filter'.
Inserting `ltj.main' in `pre_linebreak_filter'.
Removing  `luaotfload.harf.finalize_hlist' from `hpack_filter'.
Removing  `ltj.create_dir_whatsit' from `hpack_filter'.
Inserting `ltj.main' in `hpack_filter'.
Inserting `luaotfload.harf.finalize_hlist' in `hpack_filter'.
Inserting `ltj.create_dir_whatsit' in `hpack_filter'.
Removing  `ltj.set_stack_level' from `pre_linebreak_filter'.
Removing  `luaotfload.node_processor' from `pre_linebreak_filter'.
Removing  `ltj.main' from `pre_linebreak_filter'.
Inserting `ltj.adjust_icflag' in `pre_linebreak_filter'.
Inserting `ltj.set_stack_level' in `pre_linebreak_filter'.
Inserting `luaotfload.node_processor' in `pre_linebreak_filter'.
Inserting `ltj.main' in `pre_linebreak_filter'.
Removing  `ltj.set_stack_level' from `hpack_filter'.
Removing  `luaotfload.node_processor' from `hpack_filter'.
Removing  `ltj.main' from `hpack_filter'.
Removing  `luaotfload.harf.finalize_hlist' from `hpack_filter'.
Removing  `ltj.create_dir_whatsit' from `hpack_filter'.
Inserting `ltj.adjust_icflag' in `hpack_filter'.
Inserting `ltj.set_stack_level' in `hpack_filter'.
Inserting `luaotfload.node_processor' in `hpack_filter'.
Inserting `ltj.main' in `hpack_filter'.
Inserting `luaotfload.harf.finalize_hlist' in `hpack_filter'.
Inserting `ltj.create_dir_whatsit' in `hpack_filter'.
(/usr/local/texlive/2025/texmf-dist/tex/luatex/luatexja/ltj-base.sty
Package: ltj-base 2021-03-16
\ltj@tempcntb=\count279
\ltj@tempcntc=\count280
\ltj@afbox=\box54
)
\ltj@@italic@inner=\luafunction29
\ltj@@start@time@measure@inner=\luafunction30
\ltj@@stop@time@measure@inner=\luafunction31
\ltj@@jfont@inner=\luafunction32
\ltj@zw@inner=\luafunction33
\ltj@zh@inner=\luafunction34
\ltj@reset@globaldefs@inner=\luafunction35
\ltj@restore@globaldefs@inner=\luafunction36
\ltj@@disihb@inner=\luafunction37
\ltj@@ihb@inner=\luafunction38
\ltj@@fakeparbegin@inner=\luafunction39
\ltj@@fakeboxbdd@inner=\luafunction40
\ltj@@ins@xk@inner=\luafunction41
\ltj@@ins@k@inner=\luafunction42
\ltjsetkanjiskip@inner=\luafunction43
\ltjsetxkanjiskip@inner=\luafunction44
\ltj@@getparam@one@inner=\luafunction45
\ltj@alljachar@inner=\luafunction46
\ltj@@lua@populate@insertwhatsit@inner=\luafunction47
\ltj@@vadjust@begin@inner=\luafunction48
\ltj@@vadjust@dirhook@inner=\luafunction49
\ltj@@vadjust@check@dir@inner=\luafunction50
\ltj@@box@dirhook@inner=\luafunction51
\ltj@@reset@badness@inner=\luafunction52
\ltj@@lua@raisebox@inner=\luafunction53
\ltj@@vsplit@inner=\luafunction54
\ltj@@lua@unboxcheckdir@inner=\luafunction55
\ltj@@lua@uncopycheckdir@inner=\luafunction56
\ltj@@lua@uncopy@restore@whatsit@inner=\luafunction57
(load cache: ltj-kinsoku_default.luc)

Package ctexhook Info: Package `ltj-latex' can not be loaded with `ctexart'.

LaTeX Info: Package 'ltj-latex.sty' has been disabled.
            Load request ignored on input line 780.
\ltj@temp@cctb=\catcodetable18
)
(/usr/local/texlive/2025/texmf-dist/tex/luatex/luatexja/luatexja-compat.sty
Package: luatexja-compat 2020-08-08 Compatibility with pTeX
(load cache: ltj-jisx0208.luc)
\hour=\count281
\minute=\count282
))
(/usr/local/texlive/2025/texmf-dist/tex/latex/fontspec/fontspec.sty
(/usr/local/texlive/2025/texmf-dist/tex/latex/l3packages/xparse/xparse.sty
Package: xparse 2024-08-16 L3 Experimental document command parser
)
Package: fontspec 2024/05/11 v2.9e Font selection for XeLaTeX and LuaLaTeX
Lua module: fontspec 2024/05/11 v2.9e Font selection for XeLaTeX and LuaLaTeX
(/usr/local/texlive/2025/texmf-dist/tex/latex/fontspec/fontspec-luatex.sty
Package: fontspec-luatex 2024/05/11 v2.9e Font selection for XeLaTeX and LuaLaT
eX
\l__fontspec_script_int=\count283
\l__fontspec_language_int=\count284
\l__fontspec_strnum_int=\count285
\l__fontspec_tmp_int=\count286
\l__fontspec_tmpa_int=\count287
\l__fontspec_tmpb_int=\count288
\l__fontspec_tmpc_int=\count289
\l__fontspec_em_int=\count290
\l__fontspec_emdef_int=\count291
\l__fontspec_strong_int=\count292
\l__fontspec_strongdef_int=\count293
\l__fontspec_tmpa_dim=\dimen146
\l__fontspec_tmpb_dim=\dimen147
\l__fontspec_tmpc_dim=\dimen148

(/usr/local/texlive/2025/texmf-dist/tex/latex/base/fontenc.sty
Package: fontenc 2021/04/29 v2.0v Standard LaTeX package
)
(/usr/local/texlive/2025/texmf-dist/tex/latex/fontspec/fontspec.cfg)(load cache:
 extra_lmroman12-bold.luc)))
\g__cctab_next_cctab=\catcodetable19

(/usr/local/texlive/2025/texmf-dist/tex/latex/base/tuenc.def
File: tuenc.def 2021/04/29 v2.0v Standard LaTeX file
\@remove@tlig@@@=\luafunction58
LaTeX Font Info:    Redeclaring font encoding TU on input line 105.
)
Lua function ctex_ltj_add_kyenc:n = 59
Lua function ctex_ltj_is_kenc:n = 60
Lua function ctex_ltj_patch_external_font:n = 61
Lua function ctex_ltj_set_alt_font:nnnn = 62
Lua function ctex_ltj_clear_alt_font:n = 63
Lua function ctex_ltj_pickup_alt_font:nn = 64
Lua function __ctex_ltj_pickup_alt_font:Nn = 65
Lua function __ctex_ltj_if_alt_set:nT = 66
Lua function ctex_ltj_zero_globaldefs: = 67
\symCJKmath=\mathgroup4
LaTeX Font Info:    Overwriting symbol font `CJKmath' in version `bold'
(Font)                  LTJY3/song/m/n --> LTJY3/song/b/n on input line 471.
\g__ctex_ltj_family_int=\count294
\ccwd=\dimen149
\l__ctex_ccglue_skip=\skip51
(load cache: ltj-cid-auto-adobe-gb1.luc)
(/usr/local/texlive/2025/texmf-dist/tex/luatex/chinese-jfm/jfm-zh_CN.lua)
\l__ctex_xkanjiskip_skip=\skip52
\cht=\dimen150
\cdp=\dimen151
\cwd=\dimen152
Lua function ctex_update_kanjisize: = 68)
\l__ctex_ziju_dim=\dimen153

(/usr/local/texlive/2025/texmf-dist/tex/latex/zhnumber/zhnumber.sty
Package: zhnumber 2022/07/14 v3.0 Typesetting numbers with Chinese glyphs
\l__zhnum_scale_int=\count295
\l__zhnum_tmp_int=\count296

(/usr/local/texlive/2025/texmf-dist/tex/latex/zhnumber/zhnumber-utf8.cfg
File: zhnumber-utf8.cfg 2022/07/14 v3.0 Chinese numerals with UTF8 encoding
))
\l__ctex_heading_skip=\skip53

(/usr/local/texlive/2025/texmf-dist/tex/latex/ctex/scheme/ctex-scheme-chinese-a
rticle.def
File: ctex-scheme-chinese-article.def 2022/07/14 v2.5.10 Chinese scheme for art
icle (CTEX)

(/usr/local/texlive/2025/texmf-dist/tex/latex/ctex/config/ctex-name-utf8.cfg
File: ctex-name-utf8.cfg 2022/07/14 v2.5.10 Caption with encoding UTF-8 (CTEX)
))(load cache: extra_lmroman10-regular.luc)) (/usr/local/texlive/2025/texmf-dis
t/tex/latex/ctex/config/ctex.cfg
File: ctex.cfg 2022/07/14 v2.5.10 Configuration file (CTEX)
)
(/usr/local/texlive/2025/texmf-dist/tex/latex/geometry/geometry.sty
Package: geometry 2020/01/02 v5.9 Page Geometry

(/usr/local/texlive/2025/texmf-dist/tex/generic/iftex/ifvtex.sty
Package: ifvtex 2019/10/25 v1.7 ifvtex legacy package. Use iftex instead.
)
\Gm@cnth=\count297
\Gm@cntv=\count298
\c@Gm@tempcnt=\count299
\Gm@bindingoffset=\dimen154
\Gm@wd@mp=\dimen155
\Gm@odd@mp=\dimen156
\Gm@even@mp=\dimen157
\Gm@layoutwidth=\dimen158
\Gm@layoutheight=\dimen159
\Gm@layouthoffset=\dimen160
\Gm@layoutvoffset=\dimen161
\Gm@dimlist=\toks26
)
(/usr/local/texlive/2025/texmf-dist/tex/latex/xcolor/xcolor.sty
Package: xcolor 2024/09/29 v3.02 LaTeX color extensions (UK)

(/usr/local/texlive/2025/texmf-dist/tex/latex/graphics-cfg/color.cfg
File: color.cfg 2016/01/02 v1.6 sample color configuration
)
Package xcolor Info: Driver file: luatex.def on input line 274.

(/usr/local/texlive/2025/texmf-dist/tex/latex/graphics-def/luatex.def
File: luatex.def 2024/04/13 v1.2e Graphics/color driver for luatex
)
(/usr/local/texlive/2025/texmf-dist/tex/latex/graphics/mathcolor.ltx)
Package xcolor Info: Model `cmy' substituted by `cmy0' on input line 1349.
Package xcolor Info: Model `hsb' substituted by `rgb' on input line 1353.
Package xcolor Info: Model `RGB' extended on input line 1365.
Package xcolor Info: Model `HTML' substituted by `rgb' on input line 1367.
Package xcolor Info: Model `Hsb' substituted by `hsb' on input line 1368.
Package xcolor Info: Model `tHsb' substituted by `hsb' on input line 1369.
Package xcolor Info: Model `HSB' substituted by `hsb' on input line 1370.
Package xcolor Info: Model `Gray' substituted by `gray' on input line 1371.
Package xcolor Info: Model `wave' substituted by `hsb' on input line 1372.
)
(/usr/local/texlive/2025/texmf-dist/tex/latex/hyperref/hyperref.sty
Package: hyperref 2024-11-05 v7.01l Hypertext links for LaTeX

(/usr/local/texlive/2025/texmf-dist/tex/latex/kvsetkeys/kvsetkeys.sty
Package: kvsetkeys 2022-10-05 v1.19 Key value parser (HO)
)
(/usr/local/texlive/2025/texmf-dist/tex/generic/kvdefinekeys/kvdefinekeys.sty
Package: kvdefinekeys 2019-12-19 v1.6 Define keys (HO)
)
(/usr/local/texlive/2025/texmf-dist/tex/generic/pdfescape/pdfescape.sty
Package: pdfescape 2019/12/09 v1.15 Implements pdfTeX's escape features (HO)
)
(/usr/local/texlive/2025/texmf-dist/tex/latex/hycolor/hycolor.sty
Package: hycolor 2020-01-27 v1.10 Color options for hyperref/bookmark (HO)
)
(/usr/local/texlive/2025/texmf-dist/tex/latex/hyperref/nameref.sty
Package: nameref 2023-11-26 v2.56 Cross-referencing by name of section

(/usr/local/texlive/2025/texmf-dist/tex/latex/refcount/refcount.sty
Package: refcount 2019/12/15 v3.6 Data extraction from label references (HO)
)
(/usr/local/texlive/2025/texmf-dist/tex/generic/gettitlestring/gettitlestring.s
ty
Package: gettitlestring 2019/12/15 v1.6 Cleanup title references (HO)
 (/usr/local/texlive/2025/texmf-dist/tex/latex/kvoptions/kvoptions.sty
Package: kvoptions 2022-06-15 v3.15 Key value format for package options (HO)
))
\c@section@level=\count300
)
(/usr/local/texlive/2025/texmf-dist/tex/generic/stringenc/stringenc.sty
Package: stringenc 2019/11/29 v1.12 Convert strings between diff. encodings (HO
)
)
\@linkdim=\dimen162
\Hy@linkcounter=\count301
\Hy@pagecounter=\count302

(/usr/local/texlive/2025/texmf-dist/tex/latex/hyperref/pd1enc.def
File: pd1enc.def 2024-11-05 v7.01l Hyperref: PDFDocEncoding definition (HO)
)
(/usr/local/texlive/2025/texmf-dist/tex/generic/intcalc/intcalc.sty
Package: intcalc 2019/12/15 v1.3 Expandable calculations with integers (HO)
)
\Hy@SavedSpaceFactor=\count303

(/usr/local/texlive/2025/texmf-dist/tex/latex/hyperref/puenc.def
File: puenc.def 2024-11-05 v7.01l Hyperref: PDF Unicode definition (HO)
)
Package hyperref Info: Option `unicode' set `true' on input line 4040.
Package hyperref Info: Hyper figures OFF on input line 4157.
Package hyperref Info: Link nesting OFF on input line 4162.
Package hyperref Info: Hyper index ON on input line 4165.
Package hyperref Info: Plain pages OFF on input line 4172.
Package hyperref Info: Backreferencing OFF on input line 4177.
Package hyperref Info: Implicit mode ON; LaTeX internals redefined.
Package hyperref Info: Bookmarks ON on input line 4424.
\c@Hy@tempcnt=\count304

(/usr/local/texlive/2025/texmf-dist/tex/latex/url/url.sty
\Urlmuskip=\muskip17
Package: url 2013/09/16  ver 3.4  Verb mode for urls, etc.
)
LaTeX Info: Redefining \url on input line 4763.
\XeTeXLinkMargin=\dimen163

(/usr/local/texlive/2025/texmf-dist/tex/generic/bitset/bitset.sty
Package: bitset 2019/12/09 v1.3 Handle bit-vector datatype (HO)

(/usr/local/texlive/2025/texmf-dist/tex/generic/bigintcalc/bigintcalc.sty
Package: bigintcalc 2019/12/15 v1.5 Expandable calculations on big integers (HO
)
))
\Fld@menulength=\count305
\Field@Width=\dimen164
\Fld@charsize=\dimen165
Package hyperref Info: Hyper figures OFF on input line 6042.
Package hyperref Info: Link nesting OFF on input line 6047.
Package hyperref Info: Hyper index ON on input line 6050.
Package hyperref Info: backreferencing OFF on input line 6057.
Package hyperref Info: Link coloring OFF on input line 6062.
Package hyperref Info: Link coloring with OCG OFF on input line 6067.
Package hyperref Info: PDF/A mode OFF on input line 6072.

(/usr/local/texlive/2025/texmf-dist/tex/latex/base/atbegshi-ltx.sty
Package: atbegshi-ltx 2021/01/10 v1.0c Emulation of the original atbegshi
package with kernel methods
)
\Hy@abspage=\count306
\c@Item=\count307
\c@Hfootnote=\count308
)
Package hyperref Info: Driver (autodetected): hluatex.

(/usr/local/texlive/2025/texmf-dist/tex/latex/hyperref/hluatex.def
File: hluatex.def 2024-11-05 v7.01l Hyperref driver for luaTeX

(/usr/local/texlive/2025/texmf-dist/tex/latex/base/atveryend-ltx.sty
Package: atveryend-ltx 2020/08/19 v1.0a Emulation of the original atveryend pac
kage
with kernel methods
)
\Fld@listcount=\count309
\c@bookmark@seq@number=\count310

(/usr/local/texlive/2025/texmf-dist/tex/latex/rerunfilecheck/rerunfilecheck.sty
Package: rerunfilecheck 2022-07-10 v1.10 Rerun checks for auxiliary files (HO)

(/usr/local/texlive/2025/texmf-dist/tex/generic/uniquecounter/uniquecounter.sty
Package: uniquecounter 2019/12/15 v1.4 Provide unlimited unique counter (HO)
)
Package uniquecounter Info: New unique counter `rerunfilecheck' on input line 2
85.
)
\Hy@SectionHShift=\skip54
) (/usr/local/texlive/2025/texmf-dist/tex/latex/setspace/setspace.sty
Package: setspace 2022/12/04 v6.7b set line spacing
)
(/usr/local/texlive/2025/texmf-dist/tex/latex/tools/longtable.sty
Package: longtable 2024-10-27 v4.22 Multi-page Table package (DPC)
\LTleft=\skip55
\LTright=\skip56
\LTpre=\skip57
\LTpost=\skip58
\LTchunksize=\count311
\LTcapwidth=\dimen166
\LT@head=\box55
\LT@firsthead=\box56
\LT@foot=\box57
\LT@lastfoot=\box58
\LT@gbox=\box59
\LT@cols=\count312
\LT@rows=\count313
\c@LT@tables=\count314
\c@LT@chunks=\count315
\LT@p@ftn=\toks27
)
(/usr/local/texlive/2025/texmf-dist/tex/latex/booktabs/booktabs.sty
Package: booktabs 2020/01/12 v1.61803398 Publication quality tables
\heavyrulewidth=\dimen167
\lightrulewidth=\dimen168
\cmidrulewidth=\dimen169
\belowrulesep=\dimen170
\belowbottomsep=\dimen171
\aboverulesep=\dimen172
\abovetopsep=\dimen173
\cmidrulesep=\dimen174
\cmidrulekern=\dimen175
\defaultaddspace=\dimen176
\@cmidla=\count316
\@cmidlb=\count317
\@aboverulesep=\dimen177
\@belowrulesep=\dimen178
\@thisruleclass=\count318
\@lastruleclass=\count319
\@thisrulewidth=\dimen179
)
(/usr/local/texlive/2025/texmf-dist/tex/latex/tools/array.sty
Package: array 2024/10/17 v2.6g Tabular extension package (FMi)
\col@sep=\dimen180
\ar@mcellbox=\box60
\extrarowheight=\dimen181
\NC@list=\toks28
\extratabsurround=\skip59
\backup@length=\skip60
\ar@cellbox=\box61
)
(/usr/local/texlive/2025/texmf-dist/tex/latex/fancyhdr/fancyhdr.sty
Package: fancyhdr 2025/02/07 v5.2 Extensive control of page headers and footers

\f@nch@headwidth=\skip61
\f@nch@offset@elh=\skip62
\f@nch@offset@erh=\skip63
\f@nch@offset@olh=\skip64
\f@nch@offset@orh=\skip65
\f@nch@offset@elf=\skip66
\f@nch@offset@erf=\skip67
\f@nch@offset@olf=\skip68
\f@nch@offset@orf=\skip69
\f@nch@height=\skip70
\f@nch@footalignment=\skip71
\f@nch@widthL=\skip72
\f@nch@widthC=\skip73
\f@nch@widthR=\skip74
\@temptokenb=\toks29
)
(/usr/local/texlive/2025/texmf-dist/tex/latex/titlesec/titlesec.sty
Package: titlesec 2025/01/04 v2.17 Sectioning titles
\ttl@box=\box62
\beforetitleunit=\skip75
\aftertitleunit=\skip76
\ttl@plus=\dimen182
\ttl@minus=\dimen183
\ttl@toksa=\toks30
\titlewidth=\dimen184
\titlewidthlast=\dimen185
\titlewidthfirst=\dimen186
)
(/usr/local/texlive/2025/texmf-dist/tex/latex/graphics/graphicx.sty
Package: graphicx 2021/09/16 v1.2d Enhanced LaTeX Graphics (DPC,SPQR)

(/usr/local/texlive/2025/texmf-dist/tex/latex/graphics/graphics.sty
Package: graphics 2024/08/06 v1.4g Standard LaTeX Graphics (DPC,SPQR)

(/usr/local/texlive/2025/texmf-dist/tex/latex/graphics/trig.sty
Package: trig 2023/12/02 v1.11 sin cos tan (DPC)
)
(/usr/local/texlive/2025/texmf-dist/tex/latex/graphics-cfg/graphics.cfg
File: graphics.cfg 2016/06/04 v1.11 sample graphics configuration
)
Package graphics Info: Driver file: luatex.def on input line 106.
)
\Gin@req@height=\dimen187
\Gin@req@width=\dimen188
)
\c@none=\count320
\pandoc@box=\box63
luaotfload | cache : Lookup cache loaded from /Users/manfred/Library/texlive/202
5/texmf-var/luatex-cache/generic/names/luaotfload-lookup-cache.luc.(load cache: 
extra_timesnewromanpsmt.luc)(load cache: extra_timesnewromanps-bolditalicmt.luc)
(load cache: extra_timesnewromanps-boldmt.luc)(load cache: extra_timesnewromanps
-italicmt.luc)

Package fontspec Info: 
(fontspec)             Font family 'TimesNewRoman(0)' created for font 'Times
(fontspec)             New Roman' with options [Ligatures=TeX].
(fontspec)              
(fontspec)              This font family consists of the following NFSS
(fontspec)             series/shapes:
(fontspec)              
(fontspec)             - 'normal' (m/n) with NFSS spec.: <->"name:Times New
(fontspec)             Roman:mode=node;script=latn;language=dflt;+tlig;"
(fontspec)             - 'bold' (b/n) with NFSS spec.: <->"name:Times New
(fontspec)             Roman/B:mode=node;script=latn;language=dflt;+tlig;"
(fontspec)             - 'italic' (m/it) with NFSS spec.: <->"name:Times New
(fontspec)             Roman/I:mode=node;script=latn;language=dflt;+tlig;"
(fontspec)             - 'bold italic' (b/it) with NFSS spec.: <->"name:Times
(fontspec)             New
(fontspec)             Roman/BI:mode=node;script=latn;language=dflt;+tlig;"

(load cache: extra_stsongti-sc-regular.luc)

Package fontspec Info: 
(fontspec)             Could not resolve font "Songti SC/BI" (it probably
(fontspec)             doesn't exist).

(load cache: extra_stsongti-sc-bold.luc)

Package fontspec Info: 
(fontspec)             Could not resolve font "Songti SC/I" (it probably
(fontspec)             doesn't exist).


Package fontspec Info: 
(fontspec)             Font family 'SongtiSC(0)' created for font 'Songti SC'
(fontspec)             with options
(fontspec)             [NFSSEncoding=LTJY3,JFM=zh_CN/quanjiao,LTJFONTUID=1].
(fontspec)              
(fontspec)              This font family consists of the following NFSS
(fontspec)             series/shapes:
(fontspec)              
(fontspec)             - 'normal' (m/n) with NFSS spec.: <->"name:Songti
(fontspec)             SC:mode=node;language=dflt;jfm=zh_CN/quanjiao;"
(fontspec)             - 'bold' (b/n) with NFSS spec.: <->"name:Songti
(fontspec)             SC/B:mode=node;language=dflt;jfm=zh_CN/quanjiao;"

(load cache: extra_menlo-regular.luc)(load cache: extra_menlo-bolditalic.luc)(lo
ad cache: extra_menlo-bold.luc)(load cache: extra_menlo-italic.luc)

Package fontspec Info: 
(fontspec)             Font family 'Menlo(0)' created for font 'Menlo' with
(fontspec)             options
(fontspec)             [WordSpace={1,0,0},HyphenChar=None,PunctuationSpace=Word
Space].
(fontspec)              
(fontspec)              This font family consists of the following NFSS
(fontspec)             series/shapes:
(fontspec)              
(fontspec)             - 'normal' (m/n) with NFSS spec.:
(fontspec)             <->"name:Menlo:mode=node;language=dflt;"
(fontspec)             - 'bold' (b/n) with NFSS spec.:
(fontspec)             <->"name:Menlo/B:mode=node;language=dflt;"
(fontspec)             - 'italic' (m/it) with NFSS spec.:
(fontspec)             <->"name:Menlo/I:mode=node;language=dflt;"
(fontspec)             - 'bold italic' (b/it) with NFSS spec.:
(fontspec)             <->"name:Menlo/BI:mode=node;language=dflt;"

(load cache: extra_pingfangsc-regular.luc)
luaotfload | db : Reload initiated (formats: otf,ttf,ttc); reason: Font "STHeiti
" not found.
Package hyperref Info: Option `colorlinks' set `true' on input line 55.
LaTeX Font Info:    Redeclaring symbol font `CJKmath' on input line 66.
LaTeX Font Info:    Overwriting symbol font `CJKmath' in version `normal'
(Font)                  LTJY3/song/m/n --> LTJY3/SongtiSC(0)/m/n on input line 
66.
LaTeX Font Info:    Overwriting symbol font `CJKmath' in version `bold'
(Font)                  LTJY3/song/b/n --> LTJY3/SongtiSC(0)/m/n on input line 
66.
LaTeX Font Info:    Overwriting symbol font `CJKmath' in version `bold'
(Font)                  LTJY3/SongtiSC(0)/m/n --> LTJY3/SongtiSC(0)/b/n on inpu
t line 66.

(/Users/manfred/Documents/CPP/projects/report_export/report.aux)
\openout1 = report.aux

LaTeX Font Info:    Checking defaults for OML/cmm/m/it on input line 66.
LaTeX Font Info:    ... okay on input line 66.
LaTeX Font Info:    Checking defaults for OMS/cmsy/m/n on input line 66.
LaTeX Font Info:    ... okay on input line 66.
LaTeX Font Info:    Checking defaults for OT1/cmr/m/n on input line 66.
LaTeX Font Info:    ... okay on input line 66.
LaTeX Font Info:    Checking defaults for T1/cmr/m/n on input line 66.
LaTeX Font Info:    ... okay on input line 66.
LaTeX Font Info:    Checking defaults for TS1/cmr/m/n on input line 66.
LaTeX Font Info:    ... okay on input line 66.
LaTeX Font Info:    Checking defaults for TU/lmr/m/n on input line 66.
LaTeX Font Info:    ... okay on input line 66.
LaTeX Font Info:    Checking defaults for OMX/cmex/m/n on input line 66.
LaTeX Font Info:    ... okay on input line 66.
LaTeX Font Info:    Checking defaults for U/cmr/m/n on input line 66.
LaTeX Font Info:    ... okay on input line 66.
LaTeX Font Info:    Checking defaults for LTJY3/song/m/n on input line 66.
LaTeX Font Info:    ... okay on input line 66.
LaTeX Font Info:    Checking defaults for PD1/pdf/m/n on input line 66.
LaTeX Font Info:    ... okay on input line 66.
LaTeX Font Info:    Checking defaults for PU/pdf/m/n on input line 66.
LaTeX Font Info:    ... okay on input line 66.

Package fontspec Info: 
(fontspec)             Adjusting the maths setup (use [no-math] to avoid
(fontspec)             this).

\symlegacymaths=\mathgroup5
LaTeX Font Info:    Overwriting symbol font `legacymaths' in version `bold'
(Font)                  OT1/cmr/m/n --> OT1/cmr/bx/n on input line 66.
LaTeX Font Info:    Redeclaring math accent \acute on input line 66.
LaTeX Font Info:    Redeclaring math accent \grave on input line 66.
LaTeX Font Info:    Redeclaring math accent \ddot on input line 66.
LaTeX Font Info:    Redeclaring math accent \tilde on input line 66.
LaTeX Font Info:    Redeclaring math accent \bar on input line 66.
LaTeX Font Info:    Redeclaring math accent \breve on input line 66.
LaTeX Font Info:    Redeclaring math accent \check on input line 66.
LaTeX Font Info:    Redeclaring math accent \hat on input line 66.
LaTeX Font Info:    Redeclaring math accent \dot on input line 66.
LaTeX Font Info:    Redeclaring math accent \mathring on input line 66.
LaTeX Font Info:    Redeclaring math symbol \colon on input line 66.
LaTeX Font Info:    Redeclaring math symbol \Gamma on input line 66.
LaTeX Font Info:    Redeclaring math symbol \Delta on input line 66.
LaTeX Font Info:    Redeclaring math symbol \Theta on input line 66.
LaTeX Font Info:    Redeclaring math symbol \Lambda on input line 66.
LaTeX Font Info:    Redeclaring math symbol \Xi on input line 66.
LaTeX Font Info:    Redeclaring math symbol \Pi on input line 66.
LaTeX Font Info:    Redeclaring math symbol \Sigma on input line 66.
LaTeX Font Info:    Redeclaring math symbol \Upsilon on input line 66.
LaTeX Font Info:    Redeclaring math symbol \Phi on input line 66.
LaTeX Font Info:    Redeclaring math symbol \Psi on input line 66.
LaTeX Font Info:    Redeclaring math symbol \Omega on input line 66.
LaTeX Font Info:    Redeclaring math symbol \mathdollar on input line 66.
LaTeX Font Info:    Redeclaring symbol font `operators' on input line 66.
LaTeX Font Info:    Encoding `OT1' has changed to `TU' for symbol font
(Font)              `operators' in the math version `normal' on input line 66.
LaTeX Font Info:    Overwriting symbol font `operators' in version `normal'
(Font)                  OT1/cmr/m/n --> TU/TimesNewRoman(0)/m/n on input line 6
6.
LaTeX Font Info:    Encoding `OT1' has changed to `TU' for symbol font
(Font)              `operators' in the math version `bold' on input line 66.
LaTeX Font Info:    Overwriting symbol font `operators' in version `bold'
(Font)                  OT1/cmr/bx/n --> TU/TimesNewRoman(0)/m/n on input line 
66.
LaTeX Font Info:    Overwriting symbol font `operators' in version `normal'
(Font)                  TU/TimesNewRoman(0)/m/n --> TU/TimesNewRoman(0)/m/n on 
input line 66.
LaTeX Font Info:    Overwriting math alphabet `\mathit' in version `normal'
(Font)                  OT1/cmr/m/it --> TU/TimesNewRoman(0)/m/it on input line
 66.
LaTeX Font Info:    Overwriting math alphabet `\mathbf' in version `normal'
(Font)                  OT1/cmr/bx/n --> TU/TimesNewRoman(0)/b/n on input line 
66.
LaTeX Font Info:    Overwriting math alphabet `\mathsf' in version `normal'
(Font)                  OT1/cmss/m/n --> TU/lmss/m/n on input line 66.
LaTeX Font Info:    Overwriting math alphabet `\mathtt' in version `normal'
(Font)                  OT1/cmtt/m/n --> TU/Menlo(0)/m/n on input line 66.
LaTeX Font Info:    Overwriting symbol font `operators' in version `bold'
(Font)                  TU/TimesNewRoman(0)/m/n --> TU/TimesNewRoman(0)/b/n on 
input line 66.
LaTeX Font Info:    Overwriting math alphabet `\mathit' in version `bold'
(Font)                  OT1/cmr/bx/it --> TU/TimesNewRoman(0)/b/it on input lin
e 66.
LaTeX Font Info:    Overwriting math alphabet `\mathsf' in version `bold'
(Font)                  OT1/cmss/bx/n --> TU/lmss/b/n on input line 66.
LaTeX Font Info:    Overwriting math alphabet `\mathtt' in version `bold'
(Font)                  OT1/cmtt/m/n --> TU/Menlo(0)/b/n on input line 66.

*geometry* driver: auto-detecting
*geometry* detected driver: luatex
*geometry* verbose mode - [ preamble ] result:
* driver: luatex
* paper: a4paper
* layout: <same size as paper>
* layoutoffset:(h,v)=(0.0pt,0.0pt)
* modes: 
* h-part:(L,W,R)=(72.26999pt, 452.9679pt, 72.26999pt)
* v-part:(T,H,B)=(72.26999pt, 700.50687pt, 72.26999pt)
* \paperwidth=597.50787pt
* \paperheight=845.04684pt
* \textwidth=452.9679pt
* \textheight=700.50687pt
* \oddsidemargin=0.0pt
* \evensidemargin=0.0pt
* \topmargin=-37.0pt
* \headheight=12.0pt
* \headsep=25.0pt
* \topskip=12.0pt
* \footskip=30.0pt
* \marginparwidth=44.0pt
* \marginparsep=10.0pt
* \columnsep=10.0pt
* \skip\footins=10.8pt plus 4.0pt minus 2.0pt
* \hoffset=0.0pt
* \voffset=0.0pt
* \mag=1000
* \@twocolumnfalse
* \@twosidefalse
* \@mparswitchfalse
* \@reversemarginfalse
* (1in=72.27pt=25.4mm, 1cm=28.453pt)

(/usr/local/texlive/2025/texmf-dist/tex/context/base/mkii/supp-pdf.mkii
[Loading MPS to PDF converter (version 2006.09.02).]
\scratchcounter=\count321
\scratchdimen=\dimen189
\scratchbox=\box64
\nofMPsegments=\count322
\nofMParguments=\count323
\everyMPshowfont=\toks31
\MPscratchCnt=\count324
\MPscratchDim=\dimen190
\MPnumerator=\count325
\makeMPintoPDFobject=\count326
\everyMPtoPDFconversion=\toks32
) (/usr/local/texlive/2025/texmf-dist/tex/latex/epstopdf-pkg/epstopdf-base.sty
Package: epstopdf-base 2020-01-24 v2.11 Base part for package epstopdf
Package epstopdf-base Info: Redefining graphics rule for `.eps' on input line 4
85.

(/usr/local/texlive/2025/texmf-dist/tex/latex/latexconfig/epstopdf-sys.cfg
File: epstopdf-sys.cfg 2010/07/13 v1.3 Configuration of (r)epstopdf for TeX Liv
e
))
Package hyperref Info: Link coloring ON on input line 66.

(/Users/manfred/Documents/CPP/projects/report_export/report.out)
(/Users/manfred/Documents/CPP/projects/report_export/report.out)
\@outlinefile=\write3

\openout3 = report.out


[1

{/usr/local/texlive/2025/texmf-var/fonts/map/pdftex/updmap/pdftex.map}]

LaTeX Warning: Hyper reference `11-ux7ec8ux6781ux91caux653eux786cux4ef6ux539fux
751fux6307ux4ee4ux96c6ux4e0e-vector-api-ux7684ux5bf9ux51b3' on page 1 undefined
 on input line 114.


Class ctexart Warning: Unknown CJK family `\CJKttdefault' is being ignored.
(ctexart)              Try to use `\setCJKmonofont[...]{...}' to define it.




warning  (pdf backend): ignoring duplicate destination with the name 'page.1'
[1]
Overfull \hbox (0.78558pt too wide) in paragraph at lines 244--245
[]\TU/Menlo(0)/m/n/12 OpenJDK 64-Bit Server VM (build 17.0.17+10, mixed mode,
 []



[2]
Overfull \hbox (16.50867pt too wide) in paragraph at lines 285--286
[]\TU/Menlo(0)/m/n/12 gcc --version[] gcc.exe (MinGW-W64 x86_64-ucrt-posix-seh, built
 []


Overfull \hbox (29.68402pt too wide) in paragraph at lines 303--304
[]\TU/Menlo(0)/m/n/12 Java HotSpot(TM) 64-Bit Server VM (build 24.0.1+9-30, mixe
d
 []



[3]
Overfull \hbox (256.14539pt too wide) in paragraph at lines 383--383
 []\TU/Menlo(0)/m/n/12 dotproduct.c:137:13: remark: loop not vectorized: cannot prove it is safe to reorder floating-
 []


Overfull \hbox (602.92664pt too wide) in paragraph at lines 383--383
 \TU/Menlo(0)/m/n/12 point operations; allow reordering by specifying '#pragma 
clang loop vectorize(enable)' before the loop or by providing the compiler optio
n '-
 []



[4]

[5]

[6]

[7]
Overfull \hbox (16.63171pt too wide) in paragraph at lines 623--623
[]    \TU/Menlo(0)/m/n/12 acc += a[i] * b[i]             acc_vec += a[i:i+4] * 
b[i:i+4][] 
 []



[8
Missing character: There is no ✅ (U+2705) in font "name:Times New Roman:mode=n
ode;script=latn;language=dflt;+tlig;"!
Missing character: There is no ✅ (U+2705) in font "name:Times New Roman:mode=n
ode;script=latn;language=dflt;+tlig;"!
Missing character: There is no ✅ (U+2705) in font "name:Times New Roman:mode=n
ode;script=latn;language=dflt;+tlig;"!
Missing character: There is no ✅ (U+2705) in font "name:Times New Roman:mode=n
ode;script=latn;language=dflt;+tlig;"!
Missing character: There is no ✅ (U+2705) in font "name:Times New Roman:mode=n
ode;script=latn;language=dflt;+tlig;"!
Missing character: There is no ✅ (U+2705) in font "name:Times New Roman:mode=n
ode;script=latn;language=dflt;+tlig;"!
Missing character: There is no ✅ (U+2705) in font "name:Times New Roman:mode=n
ode;script=latn;language=dflt;+tlig;"!
Missing character: There is no ✅ (U+2705) in font "name:Times New Roman:mode=n
ode;script=latn;language=dflt;+tlig;"!
Missing character: There is no ✅ (U+2705) in font "name:Times New Roman:mode=n
ode;script=latn;language=dflt;+tlig;"!
Missing character: There is no ✅ (U+2705) in font "name:Times New Roman:mode=n
ode;script=latn;language=dflt;+tlig;"!
Missing character: There is no ✅ (U+2705) in font "name:Times New Roman:mode=n
ode;script=latn;language=dflt;+tlig;"!
Missing character: There is no ✅ (U+2705) in font "name:Times New Roman:mode=n
ode;script=latn;language=dflt;+tlig;"!
Missing character: There is no ✅ (U+2705) in font "name:Times New Roman:mode=n
ode;script=latn;language=dflt;+tlig;"!
Missing character: There is no ✅ (U+2705) in font "name:Times New Roman:mode=n
ode;script=latn;language=dflt;+tlig;"!
Missing character: There is no ✅ (U+2705) in font "name:Times New Roman:mode=n
ode;script=latn;language=dflt;+tlig;"!
]
Overfull \hbox (13.01074pt too wide) in alignment at lines 679--683
 [][][][][][][][] 
 []


Overfull \hbox (13.01074pt too wide) in alignment at lines 683--685
 [][][][][][][][] 
 []


Overfull \hbox (13.01074pt too wide) in alignment at lines 685--766
 [][][][][][][][] 
 []

[9]

[10]
<output_plots/dot_time_compare_median_double.png, id=241, 1148.49075pt x 464.03
363pt>
File: output_plots/dot_time_compare_median_double.png Graphic file (type png)
<use output_plots/dot_time_compare_median_double.png>
Package luatex.def Info: output_plots/dot_time_compare_median_double.png  used 
on input line 835.
(luatex.def)             Requested size: 434.8538pt x 175.69736pt.
File: output_plots/dot_time_compare_median_double.png Graphic file (type png)
<use output_plots/dot_time_compare_median_double.png>
Package luatex.def Info: output_plots/dot_time_compare_median_double.png  used 
on input line 835.
(luatex.def)             Requested size: 434.8538pt x 175.69736pt.
<output_plots/dot_time_compare_median_float.png, id=242, 1148.49075pt x 464.033
63pt>
File: output_plots/dot_time_compare_median_float.png Graphic file (type png)
<use output_plots/dot_time_compare_median_float.png>
Package luatex.def Info: output_plots/dot_time_compare_median_float.png  used o
n input line 836.
(luatex.def)             Requested size: 434.8538pt x 175.69736pt.
File: output_plots/dot_time_compare_median_float.png Graphic file (type png)
<use output_plots/dot_time_compare_median_float.png>
Package luatex.def Info: output_plots/dot_time_compare_median_float.png  used o
n input line 836.
(luatex.def)             Requested size: 434.8538pt x 175.69736pt.
<output_plots/dot_time_compare_median_int.png, id=243, 1148.49075pt x 464.03363
pt>
File: output_plots/dot_time_compare_median_int.png Graphic file (type png)
<use output_plots/dot_time_compare_median_int.png>
Package luatex.def Info: output_plots/dot_time_compare_median_int.png  used on 
input line 837.
(luatex.def)             Requested size: 434.8538pt x 175.69736pt.
File: output_plots/dot_time_compare_median_int.png Graphic file (type png)
<use output_plots/dot_time_compare_median_int.png>
Package luatex.def Info: output_plots/dot_time_compare_median_int.png  used on 
input line 837.
(luatex.def)             Requested size: 434.8538pt x 175.69736pt.
<output_plots/dot_time_compare_median_short.png, id=244, 1148.49075pt x 464.033
63pt>
File: output_plots/dot_time_compare_median_short.png Graphic file (type png)
<use output_plots/dot_time_compare_median_short.png>
Package luatex.def Info: output_plots/dot_time_compare_median_short.png  used o
n input line 838.
(luatex.def)             Requested size: 434.8538pt x 175.69736pt.
File: output_plots/dot_time_compare_median_short.png Graphic file (type png)
<use output_plots/dot_time_compare_median_short.png>
Package luatex.def Info: output_plots/dot_time_compare_median_short.png  used o
n input line 838.
(luatex.def)             Requested size: 434.8538pt x 175.69736pt.
<output_plots/dot_time_compare_median_signed_char.png, id=245, 1148.49075pt x 4
64.03363pt>
File: output_plots/dot_time_compare_median_signed_char.png Graphic file (type p
ng)
<use output_plots/dot_time_compare_median_signed_char.png>
Package luatex.def Info: output_plots/dot_time_compare_median_signed_char.png  
used on input line 839.
(luatex.def)             Requested size: 434.8538pt x 175.69736pt.
File: output_plots/dot_time_compare_median_signed_char.png Graphic file (type p
ng)
<use output_plots/dot_time_compare_median_signed_char.png>
Package luatex.def Info: output_plots/dot_time_compare_median_signed_char.png  
used on input line 839.
(luatex.def)             Requested size: 434.8538pt x 175.69736pt.

Overfull \hbox (5.88591pt too wide) in paragraph at lines 835--843
[][]
 []


Overfull \hbox (418.73972pt too wide) in paragraph at lines 835--843
[] []
 []


Overfull \hbox (418.73972pt too wide) in paragraph at lines 835--843
[] []
 []



[11<./output_plots/dot_time_compare_median_double.png><./output_plots/dot_time_c
ompare_median_float.png><./output_plots/dot_time_compare_median_int.png>]
Overfull \hbox (13.01074pt too wide) in alignment at lines 855--859
 [][][][][][][][] 
 []


Overfull \hbox (13.01074pt too wide) in alignment at lines 859--861
 [][][][][][][][] 
 []


Overfull \hbox (13.01074pt too wide) in alignment at lines 861--942
 [][][][][][][][] 
 []

[12<./output_plots/dot_time_compare_median_short.png><./output_plots/dot_time_co
mpare_median_signed_char.png>]
<windows/output_plots/dot_time_compare_median_double.png, id=260, 1148.18962pt 
x 461.3235pt>
File: windows/output_plots/dot_time_compare_median_double.png Graphic file (typ
e png)
<use windows/output_plots/dot_time_compare_median_double.png>
Package luatex.def Info: windows/output_plots/dot_time_compare_median_double.pn
g  used on input line 945.
(luatex.def)             Requested size: 434.86244pt x 174.72049pt.
File: windows/output_plots/dot_time_compare_median_double.png Graphic file (typ
e png)
<use windows/output_plots/dot_time_compare_median_double.png>
Package luatex.def Info: windows/output_plots/dot_time_compare_median_double.pn
g  used on input line 945.
(luatex.def)             Requested size: 434.86244pt x 174.72049pt.
<windows/output_plots/dot_time_compare_median_float.png, id=261, 1148.18962pt x
 461.3235pt>
File: windows/output_plots/dot_time_compare_median_float.png Graphic file (type
 png)
<use windows/output_plots/dot_time_compare_median_float.png>
Package luatex.def Info: windows/output_plots/dot_time_compare_median_float.png
  used on input line 946.
(luatex.def)             Requested size: 434.86244pt x 174.72049pt.
File: windows/output_plots/dot_time_compare_median_float.png Graphic file (type
 png)
<use windows/output_plots/dot_time_compare_median_float.png>
Package luatex.def Info: windows/output_plots/dot_time_compare_median_float.png
  used on input line 946.
(luatex.def)             Requested size: 434.86244pt x 174.72049pt.
<windows/output_plots/dot_time_compare_median_int.png, id=262, 1148.18962pt x 4
61.3235pt>
File: windows/output_plots/dot_time_compare_median_int.png Graphic file (type p
ng)
<use windows/output_plots/dot_time_compare_median_int.png>
Package luatex.def Info: windows/output_plots/dot_time_compare_median_int.png  
used on input line 947.
(luatex.def)             Requested size: 434.86244pt x 174.72049pt.
File: windows/output_plots/dot_time_compare_median_int.png Graphic file (type p
ng)
<use windows/output_plots/dot_time_compare_median_int.png>
Package luatex.def Info: windows/output_plots/dot_time_compare_median_int.png  
used on input line 947.
(luatex.def)             Requested size: 434.86244pt x 174.72049pt.
<windows/output_plots/dot_time_compare_median_short.png, id=263, 1148.18962pt x
 461.3235pt>
File: windows/output_plots/dot_time_compare_median_short.png Graphic file (type
 png)
<use windows/output_plots/dot_time_compare_median_short.png>
Package luatex.def Info: windows/output_plots/dot_time_compare_median_short.png
  used on input line 948.
(luatex.def)             Requested size: 434.86244pt x 174.72049pt.
File: windows/output_plots/dot_time_compare_median_short.png Graphic file (type
 png)
<use windows/output_plots/dot_time_compare_median_short.png>
Package luatex.def Info: windows/output_plots/dot_time_compare_median_short.png
  used on input line 948.
(luatex.def)             Requested size: 434.86244pt x 174.72049pt.
<windows/output_plots/dot_time_compare_median_signed_char.png, id=264, 1148.189
62pt x 461.3235pt>
File: windows/output_plots/dot_time_compare_median_signed_char.png Graphic file
 (type png)
<use windows/output_plots/dot_time_compare_median_signed_char.png>
Package luatex.def Info: windows/output_plots/dot_time_compare_median_signed_ch
ar.png  used on input line 949.
(luatex.def)             Requested size: 434.86244pt x 174.72049pt.
File: windows/output_plots/dot_time_compare_median_signed_char.png Graphic file
 (type png)
<use windows/output_plots/dot_time_compare_median_signed_char.png>
Package luatex.def Info: windows/output_plots/dot_time_compare_median_signed_ch
ar.png  used on input line 949.
(luatex.def)             Requested size: 434.86244pt x 174.72049pt.

Overfull \hbox (5.89455pt too wide) in paragraph at lines 945--950
[][]
 []


Overfull \hbox (418.75699pt too wide) in paragraph at lines 945--950
[] []
 []


Overfull \hbox (418.75699pt too wide) in paragraph at lines 945--950
[] [] 
 []



[13<./windows/output_plots/dot_time_compare_median_double.png>] [14<./windows/ou
tput_plots/dot_time_compare_median_float.png><./windows/output_plots/dot_time_co
mpare_median_int.png><./windows/output_plots/dot_time_compare_median_short.png><
./windows/output_plots/dot_time_compare_median_signed_char.png>]
<output_plots/win_macos/win_macos_compare_median_double.png, id=279, 1220.76076
pt x 493.24275pt>
File: output_plots/win_macos/win_macos_compare_median_double.png Graphic file (
type png)
<use output_plots/win_macos/win_macos_compare_median_double.png>
Package luatex.def Info: output_plots/win_macos/win_macos_compare_median_double
.png  used on input line 1015.
(luatex.def)             Requested size: 434.85397pt x 175.70073pt.
File: output_plots/win_macos/win_macos_compare_median_double.png Graphic file (
type png)
<use output_plots/win_macos/win_macos_compare_median_double.png>
Package luatex.def Info: output_plots/win_macos/win_macos_compare_median_double
.png  used on input line 1015.
(luatex.def)             Requested size: 434.85397pt x 175.70073pt.
<output_plots/win_macos/win_macos_compare_median_float.png, id=280, 1220.76076p
t x 493.24275pt>
File: output_plots/win_macos/win_macos_compare_median_float.png Graphic file (t
ype png)
<use output_plots/win_macos/win_macos_compare_median_float.png>
Package luatex.def Info: output_plots/win_macos/win_macos_compare_median_float.
png  used on input line 1016.
(luatex.def)             Requested size: 434.85397pt x 175.70073pt.
File: output_plots/win_macos/win_macos_compare_median_float.png Graphic file (t
ype png)
<use output_plots/win_macos/win_macos_compare_median_float.png>
Package luatex.def Info: output_plots/win_macos/win_macos_compare_median_float.
png  used on input line 1016.
(luatex.def)             Requested size: 434.85397pt x 175.70073pt.
<output_plots/win_macos/win_macos_compare_median_int.png, id=281, 1220.76076pt 
x 493.24275pt>
File: output_plots/win_macos/win_macos_compare_median_int.png Graphic file (typ
e png)
<use output_plots/win_macos/win_macos_compare_median_int.png>
Package luatex.def Info: output_plots/win_macos/win_macos_compare_median_int.pn
g  used on input line 1017.
(luatex.def)             Requested size: 434.85397pt x 175.70073pt.
File: output_plots/win_macos/win_macos_compare_median_int.png Graphic file (typ
e png)
<use output_plots/win_macos/win_macos_compare_median_int.png>
Package luatex.def Info: output_plots/win_macos/win_macos_compare_median_int.pn
g  used on input line 1017.
(luatex.def)             Requested size: 434.85397pt x 175.70073pt.
<output_plots/win_macos/win_macos_compare_median_short.png, id=282, 1220.76076p
t x 493.24275pt>
File: output_plots/win_macos/win_macos_compare_median_short.png Graphic file (t
ype png)
<use output_plots/win_macos/win_macos_compare_median_short.png>
Package luatex.def Info: output_plots/win_macos/win_macos_compare_median_short.
png  used on input line 1018.
(luatex.def)             Requested size: 434.85397pt x 175.70073pt.
File: output_plots/win_macos/win_macos_compare_median_short.png Graphic file (t
ype png)
<use output_plots/win_macos/win_macos_compare_median_short.png>
Package luatex.def Info: output_plots/win_macos/win_macos_compare_median_short.
png  used on input line 1018.
(luatex.def)             Requested size: 434.85397pt x 175.70073pt.
<output_plots/win_macos/win_macos_compare_median_signed_char.png, id=283, 1220.
76076pt x 493.24275pt>
File: output_plots/win_macos/win_macos_compare_median_signed_char.png Graphic f
ile (type png)
<use output_plots/win_macos/win_macos_compare_median_signed_char.png>
Package luatex.def Info: output_plots/win_macos/win_macos_compare_median_signed
_char.png  used on input line 1019.
(luatex.def)             Requested size: 434.85397pt x 175.70073pt.
File: output_plots/win_macos/win_macos_compare_median_signed_char.png Graphic f
ile (type png)
<use output_plots/win_macos/win_macos_compare_median_signed_char.png>
Package luatex.def Info: output_plots/win_macos/win_macos_compare_median_signed
_char.png  used on input line 1019.
(luatex.def)             Requested size: 434.85397pt x 175.70073pt.

Overfull \hbox (5.88608pt too wide) in paragraph at lines 1015--1020
[][]
 []


Overfull \hbox (418.74005pt too wide) in paragraph at lines 1015--1020
[] []
 []


Overfull \hbox (418.74005pt too wide) in paragraph at lines 1015--1020
[] [] 
 []



[15]

[16<./output_plots/win_macos/win_macos_compare_median_double.png><./output_plots
/win_macos/win_macos_compare_median_float.png><./output_plots/win_macos/win_maco
s_compare_median_int.png><./output_plots/win_macos/win_macos_compare_median_shor
t.png><./output_plots/win_macos/win_macos_compare_median_signed_char.png>]
LaTeX Font Info:    External font `cmex10' loaded for size
(Font)              <12> on input line 1055.
LaTeX Font Info:    External font `cmex10' loaded for size
(Font)              <8> on input line 1055.
LaTeX Font Info:    External font `cmex10' loaded for size
(Font)              <6> on input line 1055.


[17]

[18]
Overfull \hbox (0.95494pt too wide) in paragraph at lines 1191--1195
[][] |\LTJY3/SongtiSC(0)/m/n/12 此 [] [] [] [] [] [] [] [] [] [] [] [] [] [] [
] [] [] [] [] [] [] [] [] \TU/TimesNewRoman(0)/m/n/12 C [] [] []\TU/Menlo(0)/b/
n/12 -march=native
 []



[19]

Package hyperref Warning: Token not allowed in a PDF string (Unicode):
(hyperref)                removing `\@text@composite@x' on input line 1212.

<output_plots/showcase/bar_peak_snapshot_mac.png, id=313, 917.22675pt x 440.545
87pt>
File: output_plots/showcase/bar_peak_snapshot_mac.png Graphic file (type png)
<use output_plots/showcase/bar_peak_snapshot_mac.png>
Package luatex.def Info: output_plots/showcase/bar_peak_snapshot_mac.png  used 
on input line 1219.
(luatex.def)             Requested size: 434.84749pt x 208.85812pt.
File: output_plots/showcase/bar_peak_snapshot_mac.png Graphic file (type png)
<use output_plots/showcase/bar_peak_snapshot_mac.png>
Package luatex.def Info: output_plots/showcase/bar_peak_snapshot_mac.png  used 
on input line 1219.
(luatex.def)             Requested size: 434.84749pt x 208.85812pt.
<output_plots/showcase/bar_peak_snapshot_windows.png, id=314, 917.52788pt x 440
.54587pt>
File: output_plots/showcase/bar_peak_snapshot_windows.png Graphic file (type pn
g)
<use output_plots/showcase/bar_peak_snapshot_windows.png>
Package luatex.def Info: output_plots/showcase/bar_peak_snapshot_windows.png  u
sed on input line 1220.
(luatex.def)             Requested size: 434.86424pt x 208.79762pt.
File: output_plots/showcase/bar_peak_snapshot_windows.png Graphic file (type pn
g)
<use output_plots/showcase/bar_peak_snapshot_windows.png>
Package luatex.def Info: output_plots/showcase/bar_peak_snapshot_windows.png  u
sed on input line 1220.
(luatex.def)             Requested size: 434.86424pt x 208.79762pt.

Overfull \hbox (5.8796pt too wide) in paragraph at lines 1219--1221
[][]
 []



[20<./output_plots/showcase/bar_peak_snapshot_mac.png><./output_plots/showcase/b
ar_peak_snapshot_windows.png>]
<output_plots/showcase/line_mac_double_native_vs_ofast.png, id=323, 772.68675pt
 x 425.79076pt>
File: output_plots/showcase/line_mac_double_native_vs_ofast.png Graphic file (t
ype png)
<use output_plots/showcase/line_mac_double_native_vs_ofast.png>
Package luatex.def Info: output_plots/showcase/line_mac_double_native_vs_ofast.
png  used on input line 1254.
(luatex.def)             Requested size: 434.85924pt x 239.63016pt.
File: output_plots/showcase/line_mac_double_native_vs_ofast.png Graphic file (t
ype png)
<use output_plots/showcase/line_mac_double_native_vs_ofast.png>
Package luatex.def Info: output_plots/showcase/line_mac_double_native_vs_ofast.
png  used on input line 1254.
(luatex.def)             Requested size: 434.85924pt x 239.63016pt.

Overfull \hbox (5.89134pt too wide) in paragraph at lines 1254--1255
[][] 
 []



[21<./output_plots/showcase/line_mac_double_native_vs_ofast.png>]
Overfull \hbox (25.41187pt too wide) in paragraph at lines 1310--1310
|[]\TU/TimesNewRoman(0)/b/n/12 13.1 check-sum [] [] [] [] [] [] |\LTJY3/SongtiS
C(0)/b/n/12 左 |至 [] [] [] []\TU/Menlo(0)/b/n/12 -O3[] -Ofast[] -Ofast -march
=native[]| 
 []

<image-4.png, id=331, 735.74875pt x 669.50125pt>
File: image-4.png Graphic file (type png)
<use image-4.png>
Package luatex.def Info: image-4.png  used on input line 1312.
(luatex.def)             Requested size: 434.86264pt x 395.7072pt.
File: image-4.png Graphic file (type png)
<use image-4.png>
Package luatex.def Info: image-4.png  used on input line 1312.
(luatex.def)             Requested size: 434.86264pt x 395.7072pt.

Overfull \hbox (5.89474pt too wide) in paragraph at lines 1312--1313
[][] 
 []



[22]
Overfull \hbox (406.76062pt too wide) in paragraph at lines 1583--1583
[]    \TU/Menlo(0)/m/n/12 private static final int[] SIZES = new int[] {10, 100,
 1_000, 10_000, 100_000, 1_000_000, 10_000_000, 100_000_000};[] 
 []


Overfull \hbox (211.69617pt too wide) in paragraph at lines 1583--1583
[]    \TU/Menlo(0)/m/n/12 private static final VectorSpecies<Float> FLOAT_SPECIE
S = FloatVector.SPECIES_PREFERRED;[] 
 []


Overfull \hbox (233.37pt too wide) in paragraph at lines 1583--1583
[]    \TU/Menlo(0)/m/n/12 private static final VectorSpecies<Double> DOUBLE_SPEC
IES = DoubleVector.SPECIES_PREFERRED;[] 
 []



[23<./image-4.png>]
Overfull \hbox (67.20398pt too wide) in paragraph at lines 1583--1583
[]        \TU/Menlo(0)/m/n/12 System.out.println("lang,type,N,reps,total_ns,avg_
ns,checksum");[] 
 []


Overfull \hbox (38.30554pt too wide) in paragraph at lines 1583--1583
[]    \TU/Menlo(0)/m/n/12 private static void fill(byte[] a, byte[] b, int n, lo
ng seed) {[] 
 []


Overfull \hbox (52.75476pt too wide) in paragraph at lines 1583--1583
[]    \TU/Menlo(0)/m/n/12 private static void fill(short[] a, short[] b, int n, long seed) {[] 
 []


Overfull \hbox (23.85632pt too wide) in paragraph at lines 1583--1583
[]    \TU/Menlo(0)/m/n/12 private static void fill(int[] a, int[] b, int n, long
 seed) {[] 
 []



[24]
Overfull \hbox (52.75476pt too wide) in paragraph at lines 1583--1583
[]    \TU/Menlo(0)/m/n/12 private static void fill(float[] a, float[] b, int n, long seed) {[] 
 []


Overfull \hbox (67.20398pt too wide) in paragraph at lines 1583--1583
[]    \TU/Menlo(0)/m/n/12 private static void fill(double[] a, double[] b, int 
n, long seed) {[] 
 []


Overfull \hbox (45.53015pt too wide) in paragraph at lines 1583--1583
[]        \TU/Menlo(0)/m/n/12 for (int i = 0; i < n; i++) acc += (long) a[i] * 
(long) b[i];[] 
 []


Overfull \hbox (45.53015pt too wide) in paragraph at lines 1583--1583
[]        \TU/Menlo(0)/m/n/12 for (int i = 0; i < n; i++) acc += (long) a[i] * 
(long) b[i];[] 
 []


Overfull \hbox (45.53015pt too wide) in paragraph at lines 1583--1583
[]        \TU/Menlo(0)/m/n/12 for (int i = 0; i < n; i++) acc += (long) a[i] * 
(long) b[i];[] 
 []



[25]
Overfull \hbox (52.75476pt too wide) in paragraph at lines 1583--1583
[]    \TU/Menlo(0)/m/n/12 private static double dotOnceVector(float[] a, float[]
 b, int n) {[] 
 []


Overfull \hbox (67.20398pt too wide) in paragraph at lines 1583--1583
[]            \TU/Menlo(0)/m/n/12 FloatVector va = FloatVector.fromArray(FLOAT_S
PECIES, a, i);[] 
 []


Overfull \hbox (67.20398pt too wide) in paragraph at lines 1583--1583
[]            \TU/Menlo(0)/m/n/12 FloatVector vb = FloatVector.fromArray(FLOAT_S
PECIES, b, i);[] 
 []


Overfull \hbox (9.4071pt too wide) in paragraph at lines 1583--1583
[]        \TU/Menlo(0)/m/n/12 for (; i < n; i++) acc += (double) a[i] * (double)
 b[i];[] 
 []


Overfull \hbox (67.20398pt too wide) in paragraph at lines 1583--1583
[]    \TU/Menlo(0)/m/n/12 private static double dotOnceVector(double[] a, double
[] b, int n) {[] 
 []


Overfull \hbox (9.4071pt too wide) in paragraph at lines 1583--1583
[]        \TU/Menlo(0)/m/n/12 DoubleVector vecAcc = DoubleVector.zero(DOUBLE_SPE
CIES);[] 
 []


Overfull \hbox (88.8778pt too wide) in paragraph at lines 1583--1583
[]            \TU/Menlo(0)/m/n/12 DoubleVector va = DoubleVector.fromArray(DOUBL
E_SPECIES, a, i);[] 
 []


Overfull \hbox (88.8778pt too wide) in paragraph at lines 1583--1583
[]            \TU/Menlo(0)/m/n/12 DoubleVector vb = DoubleVector.fromArray(DOUBL
E_SPECIES, b, i);[] 
 []


Overfull \hbox (45.53015pt too wide) in paragraph at lines 1583--1583
[]        \TU/Menlo(0)/m/n/12 for (int i = 0; i < 10; i++) checksumInt += dotOnc
e(a, b, n);[] 
 []



[26]
Overfull \hbox (45.53015pt too wide) in paragraph at lines 1583--1583
[]        \TU/Menlo(0)/m/n/12 for (int i = 0; i < 10; i++) checksumInt += dotOnc
e(a, b, n);[] 
 []


Overfull \hbox (45.53015pt too wide) in paragraph at lines 1583--1583
[]        \TU/Menlo(0)/m/n/12 for (int i = 0; i < 10; i++) checksumInt += dotOnc
e(a, b, n);[] 
 []


Overfull \hbox (81.6532pt too wide) in paragraph at lines 1583--1583
[]        \TU/Menlo(0)/m/n/12 for (int i = 0; i < 10; i++) checksumFp += dotOnce
Vector(a, b, n);[] 
 []


Overfull \hbox (81.6532pt too wide) in paragraph at lines 1583--1583
[]        \TU/Menlo(0)/m/n/12 for (int i = 0; i < 10; i++) checksumFp += dotOnce
Vector(a, b, n);[] 
 []



[27]
Overfull \hbox (2.1825pt too wide) in paragraph at lines 1583--1583
[]        \TU/Menlo(0)/m/n/12 for (int r = 0; r < reps; r++) sum += dotOnce(a, 
b, n);[] 
 []


Overfull \hbox (399.53601pt too wide) in paragraph at lines 1583--1583
[]        \TU/Menlo(0)/m/n/12 System.out.printf(Locale.ROOT, "JavaVector,signed_
char,%d,%d,%d,%.2f,%d%n", n, reps, total, avg, checksumInt);[] 
 []


Overfull \hbox (2.1825pt too wide) in paragraph at lines 1583--1583
[]        \TU/Menlo(0)/m/n/12 for (int r = 0; r < reps; r++) sum += dotOnce(a, 
b, n);[] 
 []


Overfull \hbox (356.18835pt too wide) in paragraph at lines 1583--1583
[]        \TU/Menlo(0)/m/n/12 System.out.printf(Locale.ROOT, "JavaVector,short,%
d,%d,%d,%.2f,%d%n", n, reps, total, avg, checksumInt);[] 
 []



[28]
Overfull \hbox (2.1825pt too wide) in paragraph at lines 1583--1583
[]        \TU/Menlo(0)/m/n/12 for (int r = 0; r < reps; r++) sum += dotOnce(a, 
b, n);[] 
 []


Overfull \hbox (341.73914pt too wide) in paragraph at lines 1583--1583
[]        \TU/Menlo(0)/m/n/12 System.out.printf(Locale.ROOT, "JavaVector,int,%d,
%d,%d,%.2f,%d%n", n, reps, total, avg, checksumInt);[] 
 []


Overfull \hbox (45.53015pt too wide) in paragraph at lines 1583--1583
[]        \TU/Menlo(0)/m/n/12 for (int r = 0; r < reps; r++) sum += dotOnceVecto
r(a, b, n);[] 
 []


Overfull \hbox (363.41296pt too wide) in paragraph at lines 1583--1583
[]        \TU/Menlo(0)/m/n/12 System.out.printf(Locale.ROOT, "JavaVector,float,%
d,%d,%d,%.2f,%.6f%n", n, reps, total, avg, checksumFp);[] 
 []


Overfull \hbox (45.53015pt too wide) in paragraph at lines 1583--1583
[]        \TU/Menlo(0)/m/n/12 for (int r = 0; r < reps; r++) sum += dotOnceVecto
r(a, b, n);[] 
 []



[29]
Overfull \hbox (370.63757pt too wide) in paragraph at lines 1583--1583
[]        \TU/Menlo(0)/m/n/12 System.out.printf(Locale.ROOT, "JavaVector,double,
%d,%d,%d,%.2f,%.6f%n", n, reps, total, avg, checksumFp);[] 
 []


Overfull \hbox (283.94226pt too wide) in paragraph at lines 1583--1583
[]        \TU/Menlo(0)/m/n/12 System.err.printf(Locale.ROOT, "checksum_int=%d ch
ecksum_fp=%.6f%n", checksumInt, checksumFp);[] 
 []



[30] (/Users/manfred/Documents/CPP/projects/report_export/report.aux)
 ***********
LaTeX2e <2024-11-01> patch level 2
L3 programming layer <2022/07/14>
 ***********


LaTeX Warning: There were undefined references.

Package rerunfilecheck Info: File `report.out' has not changed.
(rerunfilecheck)             Checksum: 26D760FCCAB7F620E7601E08CC563503;7179.
)

Here is how much of LuaTeX's memory you used:
 16526 strings out of 475506
 244169,953878 words of node,token memory allocated
 1186 words of node memory still in use:
   11 hlist, 1 vlist, 2 rule, 4 glue, 4 kern, 1 glyph, 247 attribute, 61 glue_sp
ec, 34 attribute_list, 1 write, 13 user_defined, 2 pdf_colorstack, 1 pdf_setmatr
ix, 1 pdf_save, 1 pdf_restore nodes
   avail lists: 1:5,2:57121,3:974,4:701,5:194,6:77,7:8483,8:9,9:1966,10:20,11:64

 39020 multiletter control sequences out of 65536+600000
 80 fonts using 149359055 bytes
 90i,7n,97p,1243b,626s stack positions out of 10000i,1000n,20000p,200000b,200000s
</System/Library/Fonts/Menlo.ttc></System/Library/Fonts/Menlo.ttc></System/Libra
ry/Fonts/Supplemental/Songti.ttc></System/Library/Fonts/Supplemental/Songti.ttc>
</System/Library/Fonts/Supplemental/Times New Roman.ttf></System/Library/Fonts/S
upplemental/Times New Roman Bold.ttf></usr/local/texlive/2025/texmf-dist/fonts/t
ype1/public/amsfonts/cm/cmmi12.pfb></usr/local/texlive/2025/texmf-dist/fonts/typ
e1/public/amsfonts/cm/cmr12.pfb></usr/local/texlive/2025/texmf-dist/fonts/type1/
public/amsfonts/cm/cmr8.pfb></usr/local/texlive/2025/texmf-dist/fonts/type1/publ
ic/amsfonts/cm/cmsy10.pfb>
Output written on report.pdf (31 pages, 5797693 bytes).

PDF statistics: 428 PDF objects out of 1000 (max. 8388607)
 331 compressed objects within 4 object streams
 93 named destinations out of 1000 (max. 131072)
 305 words of extra memory for PDF output out of 10000 (max. 100000000)

